{"C:\\Users\\Administrator\\Desktop\\React\\REACT2025\\class-components\\src\\App.tsx": {"path":"C:\\Users\\Administrator\\Desktop\\React\\REACT2025\\class-components\\src\\App.tsx","statementMap":{"0":{"start":{"line":13,"column":17},"end":{"line":16,"column":3}},"1":{"start":{"line":18,"column":17},"end":{"line":20,"column":3}},"2":{"start":{"line":19,"column":4},"end":{"line":19,"column":29}},"3":{"start":{"line":23,"column":4},"end":{"line":25,"column":5}},"4":{"start":{"line":24,"column":6},"end":{"line":24,"column":36}},"5":{"start":{"line":26,"column":4},"end":{"line":32,"column":6}},"6":{"start":{"line":30,"column":36},"end":{"line":30,"column":73}}},"fnMap":{"0":{"name":"(anonymous_0)","decl":{"start":{"line":18,"column":17},"end":{"line":18,"column":18}},"loc":{"start":{"line":18,"column":36},"end":{"line":20,"column":3}},"line":18},"1":{"name":"(anonymous_1)","decl":{"start":{"line":22,"column":2},"end":{"line":22,"column":3}},"loc":{"start":{"line":22,"column":11},"end":{"line":33,"column":3}},"line":22},"2":{"name":"(anonymous_2)","decl":{"start":{"line":30,"column":30},"end":{"line":30,"column":31}},"loc":{"start":{"line":30,"column":36},"end":{"line":30,"column":73}},"line":30}},"branchMap":{"0":{"loc":{"start":{"line":14,"column":11},"end":{"line":14,"column":52}},"type":"binary-expr","locations":[{"start":{"line":14,"column":11},"end":{"line":14,"column":46}},{"start":{"line":14,"column":50},"end":{"line":14,"column":52}}],"line":14},"1":{"loc":{"start":{"line":23,"column":4},"end":{"line":25,"column":5}},"type":"if","locations":[{"start":{"line":23,"column":4},"end":{"line":25,"column":5}},{"start":{},"end":{}}],"line":23}},"s":{"0":0,"1":0,"2":0,"3":0,"4":0,"5":0,"6":0},"f":{"0":0,"1":0,"2":0},"b":{"0":[0,0],"1":[0,0]}}
,"C:\\Users\\Administrator\\Desktop\\React\\REACT2025\\class-components\\src\\main.tsx": {"path":"C:\\Users\\Administrator\\Desktop\\React\\REACT2025\\class-components\\src\\main.tsx","statementMap":{"0":{"start":{"line":7,"column":18},"end":{"line":7,"column":49}},"1":{"start":{"line":8,"column":0},"end":{"line":10,"column":1}},"2":{"start":{"line":9,"column":2},"end":{"line":9,"column":44}},"3":{"start":{"line":12,"column":0},"end":{"line":18,"column":2}}},"fnMap":{},"branchMap":{"0":{"loc":{"start":{"line":8,"column":0},"end":{"line":10,"column":1}},"type":"if","locations":[{"start":{"line":8,"column":0},"end":{"line":10,"column":1}},{"start":{},"end":{}}],"line":8}},"s":{"0":0,"1":0,"2":0,"3":0},"f":{},"b":{"0":[0,0]}}
,"C:\\Users\\Administrator\\Desktop\\React\\REACT2025\\class-components\\src\\api\\openlibrary.ts": {"path":"C:\\Users\\Administrator\\Desktop\\React\\REACT2025\\class-components\\src\\api\\openlibrary.ts","statementMap":{"0":{"start":{"line":17,"column":23},"end":{"line":17,"column":28}},"1":{"start":{"line":18,"column":12},"end":{"line":18,"column":40}},"2":{"start":{"line":20,"column":14},"end":{"line":20,"column":91}},"3":{"start":{"line":21,"column":14},"end":{"line":21,"column":30}},"4":{"start":{"line":22,"column":2},"end":{"line":22,"column":71}},"5":{"start":{"line":22,"column":15},"end":{"line":22,"column":71}},"6":{"start":{"line":23,"column":2},"end":{"line":23,"column":20}}},"fnMap":{"0":{"name":"fetchBooks","decl":{"start":{"line":13,"column":22},"end":{"line":13,"column":32}},"loc":{"start":{"line":16,"column":32},"end":{"line":24,"column":1}},"line":16}},"branchMap":{"0":{"loc":{"start":{"line":15,"column":2},"end":{"line":15,"column":10}},"type":"default-arg","locations":[{"start":{"line":15,"column":9},"end":{"line":15,"column":10}}],"line":15},"1":{"loc":{"start":{"line":18,"column":12},"end":{"line":18,"column":40}},"type":"binary-expr","locations":[{"start":{"line":18,"column":12},"end":{"line":18,"column":24}},{"start":{"line":18,"column":28},"end":{"line":18,"column":40}}],"line":18},"2":{"loc":{"start":{"line":22,"column":2},"end":{"line":22,"column":71}},"type":"if","locations":[{"start":{"line":22,"column":2},"end":{"line":22,"column":71}},{"start":{},"end":{}}],"line":22}},"s":{"0":0,"1":0,"2":0,"3":0,"4":0,"5":0,"6":0},"f":{"0":0},"b":{"0":[0],"1":[0,0],"2":[0,0]},"_coverageSchema":"1a1c01bbd47fc00a2c39e90264f33305004495a9","hash":"27954571c16cdb1264ea0b1cc5f402d07fa035e2"}
,"C:\\Users\\Administrator\\Desktop\\React\\REACT2025\\class-components\\src\\components\\Card.tsx": {"path":"C:\\Users\\Administrator\\Desktop\\React\\REACT2025\\class-components\\src\\components\\Card.tsx","statementMap":{"0":{"start":{"line":12,"column":64},"end":{"line":12,"column":74}},"1":{"start":{"line":13,"column":4},"end":{"line":28,"column":6}}},"fnMap":{"0":{"name":"(anonymous_0)","decl":{"start":{"line":11,"column":2},"end":{"line":11,"column":3}},"loc":{"start":{"line":11,"column":31},"end":{"line":29,"column":3}},"line":11}},"branchMap":{"0":{"loc":{"start":{"line":21,"column":17},"end":{"line":21,"column":40}},"type":"binary-expr","locations":[{"start":{"line":21,"column":17},"end":{"line":21,"column":25}},{"start":{"line":21,"column":29},"end":{"line":21,"column":40}}],"line":21}},"s":{"0":5,"1":5},"f":{"0":5},"b":{"0":[5,1]},"_coverageSchema":"1a1c01bbd47fc00a2c39e90264f33305004495a9","hash":"c792018a263d19794f47888111803c35d0dc24de"}
,"C:\\Users\\Administrator\\Desktop\\React\\REACT2025\\class-components\\src\\components\\CardList.tsx": {"path":"C:\\Users\\Administrator\\Desktop\\React\\REACT2025\\class-components\\src\\components\\CardList.tsx","statementMap":{"0":{"start":{"line":17,"column":17},"end":{"line":21,"column":3}},"1":{"start":{"line":23,"column":24},"end":{"line":23,"column":41}},"2":{"start":{"line":26,"column":4},"end":{"line":26,"column":38}},"3":{"start":{"line":30,"column":4},"end":{"line":32,"column":5}},"4":{"start":{"line":31,"column":6},"end":{"line":31,"column":40}},"5":{"start":{"line":36,"column":4},"end":{"line":36,"column":48}},"6":{"start":{"line":37,"column":4},"end":{"line":45,"column":5}},"7":{"start":{"line":38,"column":19},"end":{"line":38,"column":42}},"8":{"start":{"line":39,"column":6},"end":{"line":39,"column":58}},"9":{"start":{"line":41,"column":6},"end":{"line":44,"column":9}},"10":{"start":{"line":49,"column":38},"end":{"line":49,"column":48}},"11":{"start":{"line":51,"column":4},"end":{"line":59,"column":5}},"12":{"start":{"line":52,"column":6},"end":{"line":58,"column":8}},"13":{"start":{"line":55,"column":12},"end":{"line":55,"column":40}},"14":{"start":{"line":60,"column":4},"end":{"line":60,"column":64}},"15":{"start":{"line":60,"column":15},"end":{"line":60,"column":64}},"16":{"start":{"line":62,"column":4},"end":{"line":78,"column":6}},"17":{"start":{"line":65,"column":10},"end":{"line":75,"column":12}}},"fnMap":{"0":{"name":"(anonymous_0)","decl":{"start":{"line":25,"column":2},"end":{"line":25,"column":3}},"loc":{"start":{"line":25,"column":22},"end":{"line":27,"column":3}},"line":25},"1":{"name":"(anonymous_1)","decl":{"start":{"line":29,"column":2},"end":{"line":29,"column":3}},"loc":{"start":{"line":29,"column":39},"end":{"line":33,"column":3}},"line":29},"2":{"name":"(anonymous_2)","decl":{"start":{"line":35,"column":2},"end":{"line":35,"column":3}},"loc":{"start":{"line":35,"column":33},"end":{"line":46,"column":3}},"line":35},"3":{"name":"(anonymous_3)","decl":{"start":{"line":48,"column":2},"end":{"line":48,"column":3}},"loc":{"start":{"line":48,"column":11},"end":{"line":79,"column":3}},"line":48},"4":{"name":"(anonymous_4)","decl":{"start":{"line":54,"column":42},"end":{"line":54,"column":43}},"loc":{"start":{"line":55,"column":12},"end":{"line":55,"column":40}},"line":55},"5":{"name":"(anonymous_5)","decl":{"start":{"line":64,"column":19},"end":{"line":64,"column":20}},"loc":{"start":{"line":65,"column":10},"end":{"line":75,"column":12}},"line":65}},"branchMap":{"0":{"loc":{"start":{"line":30,"column":4},"end":{"line":32,"column":5}},"type":"if","locations":[{"start":{"line":30,"column":4},"end":{"line":32,"column":5}},{"start":{},"end":{}}],"line":30},"1":{"loc":{"start":{"line":42,"column":15},"end":{"line":42,"column":63}},"type":"cond-expr","locations":[{"start":{"line":42,"column":36},"end":{"line":42,"column":45}},{"start":{"line":42,"column":48},"end":{"line":42,"column":63}}],"line":42},"2":{"loc":{"start":{"line":51,"column":4},"end":{"line":59,"column":5}},"type":"if","locations":[{"start":{"line":51,"column":4},"end":{"line":59,"column":5}},{"start":{},"end":{}}],"line":51},"3":{"loc":{"start":{"line":60,"column":4},"end":{"line":60,"column":64}},"type":"if","locations":[{"start":{"line":60,"column":4},"end":{"line":60,"column":64}},{"start":{},"end":{}}],"line":60},"4":{"loc":{"start":{"line":69,"column":14},"end":{"line":71,"column":27}},"type":"cond-expr","locations":[{"start":{"line":70,"column":18},"end":{"line":70,"column":77}},{"start":{"line":71,"column":18},"end":{"line":71,"column":27}}],"line":69},"5":{"loc":{"start":{"line":73,"column":25},"end":{"line":73,"column":75}},"type":"binary-expr","locations":[{"start":{"line":73,"column":25},"end":{"line":73,"column":53}},{"start":{"line":73,"column":57},"end":{"line":73,"column":75}}],"line":73},"6":{"loc":{"start":{"line":74,"column":32},"end":{"line":74,"column":60}},"type":"binary-expr","locations":[{"start":{"line":74,"column":32},"end":{"line":74,"column":55}},{"start":{"line":74,"column":59},"end":{"line":74,"column":60}}],"line":74}},"s":{"0":5,"1":1,"2":5,"3":11,"4":1,"5":6,"6":6,"7":6,"8":5,"9":1,"10":16,"11":16,"12":6,"13":90,"14":10,"15":1,"16":9,"17":5},"f":{"0":5,"1":11,"2":6,"3":16,"4":90,"5":5},"b":{"0":[1,10],"1":[1,0],"2":[6,10],"3":[1,9],"4":[4,1],"5":[5,4],"6":[5,4]},"_coverageSchema":"1a1c01bbd47fc00a2c39e90264f33305004495a9","hash":"0873bd70991ad43341a78bf4ee162862243be536"}
,"C:\\Users\\Administrator\\Desktop\\React\\REACT2025\\class-components\\src\\components\\ErrorBoundary.tsx": {"path":"C:\\Users\\Administrator\\Desktop\\React\\REACT2025\\class-components\\src\\components\\ErrorBoundary.tsx","statementMap":{"0":{"start":{"line":13,"column":17},"end":{"line":15,"column":3}},"1":{"start":{"line":17,"column":4},"end":{"line":17,"column":21}},"2":{"start":{"line":21,"column":4},"end":{"line":21,"column":70}},"3":{"start":{"line":24,"column":22},"end":{"line":24,"column":32}},"4":{"start":{"line":26,"column":4},"end":{"line":33,"column":5}},"5":{"start":{"line":27,"column":6},"end":{"line":32,"column":8}},"6":{"start":{"line":34,"column":4},"end":{"line":34,"column":31}}},"fnMap":{"0":{"name":"(anonymous_0)","decl":{"start":{"line":16,"column":2},"end":{"line":16,"column":3}},"loc":{"start":{"line":16,"column":64},"end":{"line":18,"column":3}},"line":16},"1":{"name":"(anonymous_1)","decl":{"start":{"line":20,"column":2},"end":{"line":20,"column":3}},"loc":{"start":{"line":20,"column":56},"end":{"line":22,"column":3}},"line":20},"2":{"name":"(anonymous_2)","decl":{"start":{"line":23,"column":2},"end":{"line":23,"column":3}},"loc":{"start":{"line":23,"column":11},"end":{"line":35,"column":3}},"line":23}},"branchMap":{"0":{"loc":{"start":{"line":26,"column":4},"end":{"line":33,"column":5}},"type":"if","locations":[{"start":{"line":26,"column":4},"end":{"line":33,"column":5}},{"start":{},"end":{}}],"line":26}},"s":{"0":0,"1":0,"2":0,"3":0,"4":0,"5":0,"6":0},"f":{"0":0,"1":0,"2":0},"b":{"0":[0,0]}}
,"C:\\Users\\Administrator\\Desktop\\React\\REACT2025\\class-components\\src\\components\\ErrorButton.tsx": {"path":"C:\\Users\\Administrator\\Desktop\\React\\REACT2025\\class-components\\src\\components\\ErrorButton.tsx","statementMap":{"0":{"start":{"line":7,"column":44},"end":{"line":15,"column":1}},"1":{"start":{"line":8,"column":2},"end":{"line":14,"column":11}}},"fnMap":{"0":{"name":"(anonymous_0)","decl":{"start":{"line":7,"column":44},"end":{"line":7,"column":45}},"loc":{"start":{"line":8,"column":2},"end":{"line":14,"column":11}},"line":8}},"branchMap":{},"s":{"0":0,"1":0},"f":{"0":0},"b":{}}
,"C:\\Users\\Administrator\\Desktop\\React\\REACT2025\\class-components\\src\\components\\Search.tsx": {"path":"C:\\Users\\Administrator\\Desktop\\React\\REACT2025\\class-components\\src\\components\\Search.tsx","statementMap":{"0":{"start":{"line":13,"column":4},"end":{"line":13,"column":17}},"1":{"start":{"line":14,"column":18},"end":{"line":14,"column":59}},"2":{"start":{"line":15,"column":4},"end":{"line":15,"column":35}},"3":{"start":{"line":18,"column":17},"end":{"line":20,"column":3}},"4":{"start":{"line":19,"column":4},"end":{"line":19,"column":46}},"5":{"start":{"line":22,"column":16},"end":{"line":26,"column":3}},"6":{"start":{"line":23,"column":20},"end":{"line":23,"column":44}},"7":{"start":{"line":24,"column":4},"end":{"line":24,"column":49}},"8":{"start":{"line":25,"column":4},"end":{"line":25,"column":33}},"9":{"start":{"line":29,"column":4},"end":{"line":45,"column":6}}},"fnMap":{"0":{"name":"(anonymous_0)","decl":{"start":{"line":12,"column":2},"end":{"line":12,"column":3}},"loc":{"start":{"line":12,"column":28},"end":{"line":16,"column":3}},"line":12},"1":{"name":"(anonymous_1)","decl":{"start":{"line":18,"column":17},"end":{"line":18,"column":18}},"loc":{"start":{"line":18,"column":61},"end":{"line":20,"column":3}},"line":18},"2":{"name":"(anonymous_2)","decl":{"start":{"line":22,"column":16},"end":{"line":22,"column":17}},"loc":{"start":{"line":22,"column":22},"end":{"line":26,"column":3}},"line":22},"3":{"name":"(anonymous_3)","decl":{"start":{"line":28,"column":2},"end":{"line":28,"column":3}},"loc":{"start":{"line":28,"column":11},"end":{"line":46,"column":3}},"line":28}},"branchMap":{"0":{"loc":{"start":{"line":14,"column":18},"end":{"line":14,"column":59}},"type":"binary-expr","locations":[{"start":{"line":14,"column":18},"end":{"line":14,"column":53}},{"start":{"line":14,"column":57},"end":{"line":14,"column":59}}],"line":14}},"s":{"0":0,"1":0,"2":0,"3":0,"4":0,"5":0,"6":0,"7":0,"8":0,"9":0},"f":{"0":0,"1":0,"2":0,"3":0},"b":{"0":[0,0]}}
,"C:\\Users\\Administrator\\Desktop\\React\\REACT2025\\class-components\\src\\components\\SkeletonCard.tsx": {"path":"C:\\Users\\Administrator\\Desktop\\React\\REACT2025\\class-components\\src\\components\\SkeletonCard.tsx","statementMap":{"0":{"start":{"line":1,"column":28},"end":{"line":3,"column":1}},"1":{"start":{"line":2,"column":2},"end":{"line":2,"column":82}}},"fnMap":{"0":{"name":"(anonymous_0)","decl":{"start":{"line":1,"column":28},"end":{"line":1,"column":29}},"loc":{"start":{"line":2,"column":2},"end":{"line":2,"column":82}},"line":2}},"branchMap":{},"s":{"0":0,"1":0},"f":{"0":0},"b":{}}
}
