TN:
SF:src\App.tsx
FN:18,(anonymous_0)
FN:22,(anonymous_1)
FN:30,(anonymous_2)
FNF:3
FNH:0
FNDA:0,(anonymous_0)
FNDA:0,(anonymous_1)
FNDA:0,(anonymous_2)
DA:13,0
DA:18,0
DA:19,0
DA:23,0
DA:24,0
DA:26,0
DA:30,0
LF:7
LH:0
BRDA:14,0,0,0
BRDA:14,0,1,0
BRDA:23,1,0,0
BRDA:23,1,1,0
BRF:4
BRH:0
end_of_record
TN:
SF:src\main.tsx
FNF:0
FNH:0
DA:7,0
DA:8,0
DA:9,0
DA:12,0
LF:4
LH:0
BRDA:8,0,0,0
BRDA:8,0,1,0
BRF:2
BRH:0
end_of_record
TN:
SF:src\api\openlibrary.ts
FN:13,fetchBooks
FNF:1
FNH:0
FNDA:0,fetchBooks
DA:17,0
DA:18,0
DA:20,0
DA:21,0
DA:22,0
DA:23,0
LF:6
LH:0
BRDA:15,0,0,0
BRDA:18,1,0,0
BRDA:18,1,1,0
BRDA:22,2,0,0
BRDA:22,2,1,0
BRF:5
BRH:0
end_of_record
TN:
SF:src\components\Card.tsx
FN:11,(anonymous_0)
FNF:1
FNH:1
FNDA:5,(anonymous_0)
DA:12,5
DA:13,5
LF:2
LH:2
BRDA:21,0,0,5
BRDA:21,0,1,1
BRF:2
BRH:2
end_of_record
TN:
SF:src\components\CardList.tsx
FN:25,(anonymous_0)
FN:29,(anonymous_1)
FN:35,(anonymous_2)
FN:48,(anonymous_3)
FN:54,(anonymous_4)
FN:64,(anonymous_5)
FNF:6
FNH:6
FNDA:5,(anonymous_0)
FNDA:11,(anonymous_1)
FNDA:6,(anonymous_2)
FNDA:16,(anonymous_3)
FNDA:90,(anonymous_4)
FNDA:5,(anonymous_5)
DA:17,5
DA:23,1
DA:26,5
DA:30,11
DA:31,1
DA:36,6
DA:37,6
DA:38,6
DA:39,5
DA:41,1
DA:49,16
DA:51,16
DA:52,6
DA:55,90
DA:60,10
DA:62,9
DA:65,5
LF:17
LH:17
BRDA:30,0,0,1
BRDA:30,0,1,10
BRDA:42,1,0,1
BRDA:42,1,1,0
BRDA:51,2,0,6
BRDA:51,2,1,10
BRDA:60,3,0,1
BRDA:60,3,1,9
BRDA:69,4,0,4
BRDA:69,4,1,1
BRDA:73,5,0,5
BRDA:73,5,1,4
BRDA:74,6,0,5
BRDA:74,6,1,4
BRF:14
BRH:13
end_of_record
TN:
SF:src\components\ErrorBoundary.tsx
FN:16,(anonymous_0)
FN:20,(anonymous_1)
FN:23,(anonymous_2)
FNF:3
FNH:0
FNDA:0,(anonymous_0)
FNDA:0,(anonymous_1)
FNDA:0,(anonymous_2)
DA:13,0
DA:17,0
DA:21,0
DA:24,0
DA:26,0
DA:27,0
DA:34,0
LF:7
LH:0
BRDA:26,0,0,0
BRDA:26,0,1,0
BRF:2
BRH:0
end_of_record
TN:
SF:src\components\ErrorButton.tsx
FN:7,(anonymous_0)
FNF:1
FNH:1
FNDA:1,(anonymous_0)
DA:7,1
DA:8,1
LF:2
LH:2
BRF:0
BRH:0
end_of_record
TN:
SF:src\components\Search.tsx
FN:12,(anonymous_0)
FN:18,(anonymous_1)
FN:22,(anonymous_2)
FN:28,(anonymous_3)
FNF:4
FNH:4
FNDA:5,(anonymous_0)
FNDA:3,(anonymous_1)
FNDA:2,(anonymous_2)
FNDA:8,(anonymous_3)
DA:13,5
DA:14,5
DA:15,5
DA:18,5
DA:19,3
DA:22,5
DA:23,2
DA:24,2
DA:25,2
DA:29,8
LF:10
LH:10
BRDA:14,0,0,5
BRDA:14,0,1,4
BRF:2
BRH:2
end_of_record
TN:
SF:src\components\SkeletonCard.tsx
FN:1,(anonymous_0)
FNF:1
FNH:1
FNDA:1,(anonymous_0)
DA:1,1
DA:2,1
LF:2
LH:2
BRF:0
BRH:0
end_of_record
